<?xml version="1.0" encoding="UTF-8"?>
<testng-results ignored="0" total="0" passed="0" failed="0" skipped="0">
  <reporter-output>
  </reporter-output>
  <suite started-at="2023-01-23T12:14:08 IST" name="Default suite" finished-at="2023-01-23T12:14:09 IST" duration-ms="850">
    <groups>
      <group name="cucumber">
        <method signature="AbstractTestNGCucumberTests.runScenario(io.cucumber.testng.PickleWrapper,io.cucumber.testng.FeatureWrapper)[pri:0, instance:runner.TestRunner@7bab3f1a]" name="runScenario" class="io.cucumber.testng.AbstractTestNGCucumberTests"/>
      </group> <!-- cucumber -->
    </groups>
    <test started-at="2023-01-23T12:14:08 IST" name="Default test" finished-at="2023-01-23T12:14:09 IST" duration-ms="850">
      <class name="runner.TestRunner">
        <test-method is-config="true" signature="beforeSuite()[pri:0, instance:runner.TestRunner@7bab3f1a]" started-at="2023-01-23T12:14:08 IST" name="beforeSuite" finished-at="2023-01-23T12:14:08 IST" duration-ms="12" status="PASS">
          <reporter-output>
          </reporter-output>
        </test-method> <!-- beforeSuite -->
        <test-method is-config="true" signature="setUpClass()[pri:0, instance:runner.TestRunner@7bab3f1a]" started-at="2023-01-23T12:14:09 IST" name="setUpClass" finished-at="2023-01-23T12:14:09 IST" duration-ms="719" status="PASS">
          <reporter-output>
          </reporter-output>
        </test-method> <!-- setUpClass -->
        <test-method is-config="true" signature="tearDownClass()[pri:0, instance:runner.TestRunner@7bab3f1a]" started-at="2023-01-23T12:14:09 IST" name="tearDownClass" finished-at="2023-01-23T12:14:09 IST" duration-ms="89" status="PASS">
          <reporter-output>
          </reporter-output>
        </test-method> <!-- tearDownClass -->
        <test-method is-config="true" signature="afterSuite()[pri:0, instance:runner.TestRunner@7bab3f1a]" started-at="2023-01-23T12:14:09 IST" name="afterSuite" finished-at="2023-01-23T12:14:09 IST" duration-ms="0" status="PASS">
          <reporter-output>
          </reporter-output>
        </test-method> <!-- afterSuite -->
      </class> <!-- runner.TestRunner -->
    </test> <!-- Default test -->
  </suite> <!-- Default suite -->
</testng-results>
